# JRE version: Java(TM) SE Runtime Environment (9.0+11) (build 9.0.4+11)
# Java VM: Java HotSpot(TM) 64-Bit Server VM (9.0.4+11, mixed mode, tiered, compressed oops, g1 gc, windows-amd64)
Heap:
 garbage-first heap   total 49152K, used 23672K [0x00000000e2200000, 0x00000000e2300180, 0x0000000100000000)
  region size 1024K, 1 young (1024K), 1 survivors (1024K)
 Metaspace       used 34373K, capacity 36644K, committed 36860K, reserved 1089536K
  class space    used 4573K, capacity 5006K, committed 5120K, reserved 1048576K
GC Heap History (10 events):
Event: 31.227 GC heap after
{Heap after GC invocations=26 (full 0):
 garbage-first heap   total 49152K, used 22712K [0x00000000e2200000, 0x00000000e2300180, 0x0000000100000000)
  region size 1024K, 1 young (1024K), 1 survivors (1024K)
 Metaspace       used 32050K, capacity 34232K, committed 34428K, reserved 1079296K
  class space    used 4315K, capacity 4734K, committed 4736K, reserved 1048576K
}
Event: 32.149 GC heap before
{Heap before GC invocations=27 (full 0):
 garbage-first heap   total 49152K, used 37048K [0x00000000e2200000, 0x00000000e2300180, 0x0000000100000000)
  region size 1024K, 15 young (15360K), 1 survivors (1024K)
 Metaspace       used 32477K, capacity 34640K, committed 34812K, reserved 1079296K
  class space    used 4370K, capacity 4804K, committed 4864K, reserved 1048576K
}
Event: 32.154 GC heap after
{Heap after GC invocations=28 (full 0):
 garbage-first heap   total 49152K, used 23375K [0x00000000e2200000, 0x00000000e2300180, 0x0000000100000000)
  region size 1024K, 1 young (1024K), 1 survivors (1024K)
 Metaspace       used 32477K, capacity 34640K, committed 34812K, reserved 1079296K
  class space    used 4370K, capacity 4804K, committed 4864K, reserved 1048576K
}
Event: 32.230 GC heap before
{Heap before GC invocations=28 (full 0):
 garbage-first heap   total 49152K, used 24399K [0x00000000e2200000, 0x00000000e2300180, 0x0000000100000000)
  region size 1024K, 2 young (2048K), 1 survivors (1024K)
 Metaspace       used 32478K, capacity 34640K, committed 34812K, reserved 1079296K
  class space    used 4370K, capacity 4804K, committed 4864K, reserved 1048576K
}
Event: 32.237 GC heap after
{Heap after GC invocations=29 (full 0):
 garbage-first heap   total 49152K, used 22004K [0x00000000e2200000, 0x00000000e2300180, 0x0000000100000000)
  region size 1024K, 1 young (1024K), 1 survivors (1024K)
 Metaspace       used 32478K, capacity 34640K, committed 34812K, reserved 1079296K
  class space    used 4370K, capacity 4804K, committed 4864K, reserved 1048576K
}
Event: 33.327 GC heap before
{Heap before GC invocations=29 (full 0):
 garbage-first heap   total 49152K, used 36340K [0x00000000e2200000, 0x00000000e2300180, 0x0000000100000000)
  region size 1024K, 15 young (15360K), 1 survivors (1024K)
 Metaspace       used 33080K, capacity 35388K, committed 35708K, reserved 1079296K
  class space    used 4470K, capacity 4908K, committed 4992K, reserved 1048576K
}
Event: 33.338 GC heap after
{Heap after GC invocations=30 (full 0):
 garbage-first heap   total 49152K, used 23164K [0x00000000e2200000, 0x00000000e2300180, 0x0000000100000000)
  region size 1024K, 2 young (2048K), 2 survivors (2048K)
 Metaspace       used 33080K, capacity 35388K, committed 35708K, reserved 1079296K
  class space    used 4470K, capacity 4908K, committed 4992K, reserved 1048576K
}
Event: 33.783 GC heap before
{Heap before GC invocations=31 (full 0):
 garbage-first heap   total 49152K, used 28284K [0x00000000e2200000, 0x00000000e2300180, 0x0000000100000000)
  region size 1024K, 8 young (8192K), 2 survivors (2048K)
 Metaspace       used 34373K, capacity 36644K, committed 36860K, reserved 1087488K
  class space    used 4573K, capacity 5006K, committed 5120K, reserved 1048576K
}
Event: 33.799 GC heap after
{Heap after GC invocations=32 (full 0):
 garbage-first heap   total 49152K, used 23672K [0x00000000e2200000, 0x00000000e2300180, 0x0000000100000000)
  region size 1024K, 1 young (1024K), 1 survivors (1024K)
 Metaspace       used 34373K, capacity 36644K, committed 36860K, reserved 1087488K
  class space    used 4573K, capacity 5006K, committed 5120K, reserved 1048576K
}
Event: 33.799 GC heap before
{Heap before GC invocations=32 (full 0):
 garbage-first heap   total 49152K, used 23672K [0x00000000e2200000, 0x00000000e2300180, 0x0000000100000000)
  region size 1024K, 1 young (1024K), 1 survivors (1024K)
 Metaspace       used 34373K, capacity 36644K, committed 36860K, reserved 1089536K
  class space    used 4573K, capacity 5006K, committed 5120K, reserved 1048576K
}

